c:\users\lenovo\documents\לימודים שנה ב' סמסטר א\מבוא לתכנות מערכות\hw4__liorariely\hw4__liorariely\debug\vc141.pdb
c:\users\lenovo\documents\לימודים שנה ב' סמסטר א\מבוא לתכנות מערכות\hw4__liorariely\hw4__liorariely\debug\vc141.idb
c:\users\lenovo\documents\לימודים שנה ב' סמסטר א\מבוא לתכנות מערכות\hw4__liorariely\hw4__liorariely\debug\plane.obj
c:\users\lenovo\documents\לימודים שנה ב' סמסטר א\מבוא לתכנות מערכות\hw4__liorariely\hw4__liorariely\debug\main.obj
c:\users\lenovo\documents\לימודים שנה ב' סמסטר א\מבוא לתכנות מערכות\hw4__liorariely\hw4__liorariely\debug\generallist.obj
c:\users\lenovo\documents\לימודים שנה ב' סמסטר א\מבוא לתכנות מערכות\hw4__liorariely\hw4__liorariely\debug\general.obj
c:\users\lenovo\documents\לימודים שנה ב' סמסטר א\מבוא לתכנות מערכות\hw4__liorariely\hw4__liorariely\debug\filehelper.obj
c:\users\lenovo\documents\לימודים שנה ב' סמסטר א\מבוא לתכנות מערכות\hw4__liorariely\hw4__liorariely\debug\date.obj
c:\users\lenovo\documents\לימודים שנה ב' סמסטר א\מבוא לתכנות מערכות\hw4__liorariely\hw4__liorariely\debug\airportmanager.obj
c:\users\lenovo\documents\לימודים שנה ב' סמסטר א\מבוא לתכנות מערכות\hw4__liorariely\hw4__liorariely\debug\airport.obj
c:\users\lenovo\documents\לימודים שנה ב' סמסטר א\מבוא לתכנות מערכות\hw4__liorariely\hw4__liorariely\debug\address.obj
c:\users\lenovo\documents\לימודים שנה ב' סמסטר א\מבוא לתכנות מערכות\hw4__liorariely\hw4__liorariely\debug\flight.obj
c:\users\lenovo\documents\לימודים שנה ב' סמסטר א\מבוא לתכנות מערכות\hw4__liorariely\hw4__liorariely\debug\airline.obj
c:\users\lenovo\documents\לימודים שנה ב' סמסטר א\מבוא לתכנות מערכות\hw4__liorariely\debug\hw4__liorariely.exe
c:\users\lenovo\documents\לימודים שנה ב' סמסטר א\מבוא לתכנות מערכות\hw4__liorariely\debug\hw4__liorariely.ilk
c:\users\lenovo\documents\לימודים שנה ב' סמסטר א\מבוא לתכנות מערכות\hw4__liorariely\debug\hw4__liorariely.pdb
c:\users\lenovo\documents\לימודים שנה ב' סמסטר א\מבוא לתכנות מערכות\hw4__liorariely\hw4__liorariely\debug\hw4__liorariely.tlog\cl.command.1.tlog
c:\users\lenovo\documents\לימודים שנה ב' סמסטר א\מבוא לתכנות מערכות\hw4__liorariely\hw4__liorariely\debug\hw4__liorariely.tlog\cl.read.1.tlog
c:\users\lenovo\documents\לימודים שנה ב' סמסטר א\מבוא לתכנות מערכות\hw4__liorariely\hw4__liorariely\debug\hw4__liorariely.tlog\cl.write.1.tlog
c:\users\lenovo\documents\לימודים שנה ב' סמסטר א\מבוא לתכנות מערכות\hw4__liorariely\hw4__liorariely\debug\hw4__liorariely.tlog\link.command.1.tlog
c:\users\lenovo\documents\לימודים שנה ב' סמסטר א\מבוא לתכנות מערכות\hw4__liorariely\hw4__liorariely\debug\hw4__liorariely.tlog\link.read.1.tlog
c:\users\lenovo\documents\לימודים שנה ב' סמסטר א\מבוא לתכנות מערכות\hw4__liorariely\hw4__liorariely\debug\hw4__liorariely.tlog\link.write.1.tlog
